Time-averaged number of ribosomes and trnas in different states
free_ribosomes	27526.709358
asiteoccupied_ribosomes	21142.083399
asiteempty_ribosomes	7395.987325
hit5_ribosomes	3236.702179
hit3_ribosomes	16935.220826
acylated_trna_1_ACG	44621.423824
deacylated_trna_1_ACG	906.139899
ribosomebound_trna_1_ACG	4918.436905
acylated_trna_2_CAA	15243.684914
deacylated_trna_2_CAA	4689.575917
ribosomebound_trna_2_CAA	374.739422
acylated_trna_3_CAG	1949.260082
deacylated_trna_3_CAG	40541.962524
ribosomebound_trna_3_CAG	4960.777985
acylated_trna_4_CAT	25732.351971
deacylated_trna_4_CAT	314.100288
ribosomebound_trna_4_CAT	1893.548088
acylated_trna_5_CCA	9180.742674
deacylated_trna_5_CCA	100.830043
ribosomebound_trna_5_CCA	728.427407
acylated_trna_6_CCG	6700.434933
deacylated_trna_6_CCG	8.674126
ribosomebound_trna_6_CCG	73.891025
acylated_trna_7_CCT	4443.210478
deacylated_trna_7_CCT	1.539792
ribosomebound_trna_7_CCT	13.249786
acylated_trna_8_CGA	3538.721918
deacylated_trna_8_CGA	9.942270
ribosomebound_trna_8_CGA	102.335858
acylated_trna_9_CGG	7913.455645
deacylated_trna_9_CGG	253.102588
ribosomebound_trna_9_CGG	1387.441885
acylated_trna_10_CGT	5395.001664
deacylated_trna_10_CGT	32.706244
ribosomebound_trna_10_CGT	315.292163
acylated_trna_11_CTG	6514.017910
deacylated_trna_11_CTG	421.889286
ribosomebound_trna_11_CTG	2416.092921
acylated_trna_12_GAA	7590.460907
deacylated_trna_12_GAA	453.476870
ribosomebound_trna_12_GAA	2964.062360
acylated_trna_13_GAC	11491.464679
deacylated_trna_13_GAC	275.080053
ribosomebound_trna_13_GAC	1662.455435
acylated_trna_14_GAG	28.081135
deacylated_trna_14_GAG	9347.549834
ribosomebound_trna_14_GAG	634.369156
acylated_trna_15_GAT	30940.187048
deacylated_trna_15_GAT	824.390605
ribosomebound_trna_15_GAT	5114.422806
acylated_trna_16_GCA	16127.419549
deacylated_trna_16_GCA	95.371356
ribosomebound_trna_16_GCA	624.209305
acylated_trna_17_GCC	38951.707855
deacylated_trna_17_GCC	1105.383248
ribosomebound_trna_17_GCC	6216.909473
acylated_trna_18_GCT	13446.712462
deacylated_trna_18_GCT	209.632946
ribosomebound_trna_18_GCT	1290.654778
acylated_trna_19_GGA	6271.436881
deacylated_trna_19_GGA	270.718747
ribosomebound_trna_19_GGA	1567.844473
acylated_trna_20_GGC	5254.809221
deacylated_trna_20_GGC	169.437962
ribosomebound_trna_20_GGC	1124.752898
acylated_trna_21_GGG	7224.361007
deacylated_trna_21_GGG	53.624277
ribosomebound_trna_21_GGG	365.014811
acylated_trna_22_GGT	9313.361596
deacylated_trna_22_GGT	514.042350
ribosomebound_trna_22_GGT	2900.596213
acylated_trna_23_GTA	19276.680760
deacylated_trna_23_GTA	333.389715
ribosomebound_trna_23_GTA	1939.929793
acylated_trna_24_GTC	20017.325825
deacylated_trna_24_GTC	770.465919
ribosomebound_trna_24_GTC	4647.208572
acylated_trna_25_GTG	4784.473253
deacylated_trna_25_GTG	266.816753
ribosomebound_trna_25_GTG	1731.710078
acylated_trna_26_GTT	8815.599207
deacylated_trna_26_GTT	561.116912
ribosomebound_trna_26_GTT	3287.284039
acylated_trna_27_TAA	5164.538189
deacylated_trna_27_TAA	5341.743462
ribosomebound_trna_27_TAA	437.718485
acylated_trna_28_TAC	34335.622249
deacylated_trna_28_TAC	946.977889
ribosomebound_trna_28_TAC	5481.400370
acylated_trna_29_TAG	6.038904
deacylated_trna_29_TAG	7018.670564
ribosomebound_trna_29_TAG	45.290621
acylated_trna_30_TCC	22127.105632
deacylated_trna_30_TCC	59.980706
ribosomebound_trna_30_TCC	498.913945
acylated_trna_31_TCT	9146.880856
deacylated_trna_31_TCT	6.779479
ribosomebound_trna_31_TCT	49.339779
acylated_trna_32_TGA	12140.595738
deacylated_trna_32_TGA	210.825816
ribosomebound_trna_32_TGA	1406.578618
acylated_trna_33_TGC	25804.461371
deacylated_trna_33_TGC	1347.200384
ribosomebound_trna_33_TGC	7349.338675
acylated_trna_34_TGG	4722.812676
deacylated_trna_34_TGG	195.871633
ribosomebound_trna_34_TGG	1248.315768
acylated_trna_35_TGT	8185.453426
deacylated_trna_35_TGT	205.595907
ribosomebound_trna_35_TGT	1332.950788
acylated_trna_36_TTC	43459.975362
deacylated_trna_36_TTC	937.526340
ribosomebound_trna_36_TTC	5677.498921
acylated_trna_37_TTG	7283.624484
deacylated_trna_37_TTG	108.138715
ribosomebound_trna_37_TTG	718.236901
acylated_trna_38_TTT	13542.927763
deacylated_trna_38_TTT	1063.962555
ribosomebound_trna_38_TTT	5817.109936
